#
# There is insufficient memory for the Java Runtime Environment to continue.
# Native memory allocation (mmap) failed to map 9437184 bytes for G1 virtual space
# Possible reasons:
#   The system is out of physical RAM or swap space
#   The process is running with CompressedOops enabled, and the Java Heap may be blocking the growth of the native heap
# Possible solutions:
#   Reduce memory load on the system
#   Increase physical memory or swap space
#   Check if swap backing store is full
#   Decrease Java heap size (-Xmx/-Xms)
#   Decrease number of Java threads
#   Decrease Java thread stack sizes (-Xss)
#   Set larger code cache with -XX:ReservedCodeCacheSize=
#   JVM is running with Unscaled Compressed Oops mode in which the Java heap is
#     placed in the first 4GB address space. The Java Heap base address is the
#     maximum limit for the native heap growth. Please use -XX:HeapBaseMinAddress
#     to set the Java Heap base and to place the Java Heap above 4GB virtual address.
# This output file may be truncated or incomplete.
#
#  Out of Memory Error (os_windows.cpp:3557), pid=39364, tid=5948
#
# JRE version: OpenJDK Runtime Environment Temurin-17.0.6+10 (17.0.6+10) (build 17.0.6+10)
# Java VM: OpenJDK 64-Bit Server VM Temurin-17.0.6+10 (17.0.6+10, mixed mode, emulated-client, tiered, compressed oops, compressed class ptrs, g1 gc, windows-amd64)
# No core dump will be written. Minidumps are not enabled by default on client versions of Windows
#

---------------  S U M M A R Y ------------

Command Line: -Dcom.sun.management.jmxremote -Dcom.sun.management.jmxremote.port=61705 -Dcom.sun.management.jmxremote.authenticate=false -Dcom.sun.management.jmxremote.ssl=false -Djava.rmi.server.hostname=localhost -Dspring.jmx.enabled=true -Dmanagement.endpoints.jmx.exposure.include=* -Dspring.application.admin.enabled=true -XX:TieredStopAtLevel=1 -Dspring.boot.project.name=Security_App -Dfile.encoding=UTF-8 -XX:+ShowCodeDetailsInExceptionMessages com.Security_App.SecurityAppApplication --spring.output.ansi.enabled=always

Host: Intel(R) Core(TM) i3-10110U CPU @ 2.10GHz, 4 cores, 3G,  Windows 11 , 64 bit Build 22621 (10.0.22621.2506)
Time: Mon Dec  4 10:20:05 2023 India Standard Time elapsed time: 9.993480 seconds (0d 0h 0m 9s)

---------------  T H R E A D  ---------------

Current thread (0x0000021b738869b0):  VMThread "VM Thread" [stack: 0x0000008783800000,0x0000008783900000] [id=5948]

Stack: [0x0000008783800000,0x0000008783900000]
Native frames: (J=compiled Java code, j=interpreted, Vv=VM code, C=native code)
V  [jvm.dll+0x67741a]
V  [jvm.dll+0x834434]
V  [jvm.dll+0x835bde]
V  [jvm.dll+0x836243]
V  [jvm.dll+0x2457b5]
V  [jvm.dll+0x674329]
V  [jvm.dll+0x6689da]
V  [jvm.dll+0x30489b]
V  [jvm.dll+0x30bd96]
V  [jvm.dll+0x35b57e]
V  [jvm.dll+0x35b7af]
V  [jvm.dll+0x2db778]
V  [jvm.dll+0x2d9a2c]
V  [jvm.dll+0x2d8ffc]
V  [jvm.dll+0x31cdcb]
V  [jvm.dll+0x83a6eb]
V  [jvm.dll+0x83b424]
V  [jvm.dll+0x83b93c]
V  [jvm.dll+0x83bd14]
V  [jvm.dll+0x83bde0]
V  [jvm.dll+0x7e483a]
V  [jvm.dll+0x6762c5]
C  [ucrtbase.dll+0x29363]
C  [KERNEL32.DLL+0x1257d]
C  [ntdll.dll+0x5aa58]

VM_Operation (0x00000087851f1ed0): G1CollectForAllocation, mode: safepoint, requested by thread 0x0000021b75d83870


---------------  P R O C E S S  ---------------

Threads class SMR info:
_java_thread_list=0x0000021b76a9cb90, length=21, elements={
0x0000021b6690e000, 0x0000021b73889e50, 0x0000021b7388acc0, 0x0000021b738ac0f0,
0x0000021b738ace70, 0x0000021b738ad730, 0x0000021b74414070, 0x0000021b74414930,
0x0000021b74416950, 0x0000021b7382d400, 0x0000021b745be420, 0x0000021b74c8f9c0,
0x0000021b74c73e70, 0x0000021b746a10d0, 0x0000021b74d79680, 0x0000021b74ffe5a0,
0x0000021b74dc8a50, 0x0000021b75bfa1d0, 0x0000021b75d82530, 0x0000021b75d83870,
0x0000021b75d82ed0
}

Java Threads: ( => current thread )
  0x0000021b6690e000 JavaThread "main" [_thread_blocked, id=12064, stack(0x0000008783200000,0x0000008783300000)]
  0x0000021b73889e50 JavaThread "Reference Handler" daemon [_thread_blocked, id=3588, stack(0x0000008783900000,0x0000008783a00000)]
  0x0000021b7388acc0 JavaThread "Finalizer" daemon [_thread_blocked, id=40724, stack(0x0000008783a00000,0x0000008783b00000)]
  0x0000021b738ac0f0 JavaThread "Signal Dispatcher" daemon [_thread_blocked, id=36056, stack(0x0000008783b00000,0x0000008783c00000)]
  0x0000021b738ace70 JavaThread "Attach Listener" daemon [_thread_blocked, id=31732, stack(0x0000008783c00000,0x0000008783d00000)]
  0x0000021b738ad730 JavaThread "Service Thread" daemon [_thread_blocked, id=29044, stack(0x0000008783d00000,0x0000008783e00000)]
  0x0000021b74414070 JavaThread "Monitor Deflation Thread" daemon [_thread_blocked, id=240, stack(0x0000008783e00000,0x0000008783f00000)]
  0x0000021b74414930 JavaThread "C1 CompilerThread0" daemon [_thread_blocked, id=32676, stack(0x0000008783f00000,0x0000008784000000)]
  0x0000021b74416950 JavaThread "Sweeper thread" daemon [_thread_blocked, id=37848, stack(0x0000008784000000,0x0000008784100000)]
  0x0000021b7382d400 JavaThread "Common-Cleaner" daemon [_thread_blocked, id=37668, stack(0x0000008784100000,0x0000008784200000)]
  0x0000021b745be420 JavaThread "Notification Thread" daemon [_thread_blocked, id=23556, stack(0x0000008784200000,0x0000008784300000)]
  0x0000021b74c8f9c0 JavaThread "RMI TCP Accept-0" daemon [_thread_in_native, id=39368, stack(0x0000008784300000,0x0000008784400000)]
  0x0000021b74c73e70 JavaThread "RMI TCP Accept-61705" daemon [_thread_in_native, id=43956, stack(0x0000008784400000,0x0000008784500000)]
  0x0000021b746a10d0 JavaThread "RMI TCP Accept-0" daemon [_thread_in_native, id=18020, stack(0x0000008784a00000,0x0000008784b00000)]
  0x0000021b74d79680 JavaThread "RMI TCP Connection(1)-127.0.0.1" daemon [_thread_in_native, id=4004, stack(0x0000008784c00000,0x0000008784d00000)]
  0x0000021b74ffe5a0 JavaThread "RMI Scheduler(0)" daemon [_thread_blocked, id=36844, stack(0x0000008784d00000,0x0000008784e00000)]
  0x0000021b74dc8a50 JavaThread "RMI TCP Connection(2)-127.0.0.1" daemon [_thread_in_native, id=28524, stack(0x0000008784e00000,0x0000008784f00000)]
  0x0000021b75bfa1d0 JavaThread "JMX server connection timeout 21" daemon [_thread_blocked, id=38780, stack(0x0000008784f00000,0x0000008785000000)]
  0x0000021b75d82530 JavaThread "Thread-0" [_thread_blocked, id=43748, stack(0x0000008785000000,0x0000008785100000)]
  0x0000021b75d83870 JavaThread "restartedMain" [_thread_blocked, id=21200, stack(0x0000008785100000,0x0000008785200000)]
  0x0000021b75d82ed0 JavaThread "mysql-cj-abandoned-connection-cleanup" daemon [_thread_blocked, id=42548, stack(0x0000008785200000,0x0000008785300000)]

Other Threads:
=>0x0000021b738869b0 VMThread "VM Thread" [stack: 0x0000008783800000,0x0000008783900000] [id=5948]
  0x0000021b74d7dc60 WatcherThread [stack: 0x0000008784b00000,0x0000008784c00000] [id=43100]
  0x0000021b68adbb80 GCTaskThread "GC Thread#0" [stack: 0x0000008783300000,0x0000008783400000] [id=33512]
  0x0000021b74c81f40 GCTaskThread "GC Thread#1" [stack: 0x0000008784500000,0x0000008784600000] [id=41776]
  0x0000021b74d73100 GCTaskThread "GC Thread#2" [stack: 0x0000008784600000,0x0000008784700000] [id=32380]
  0x0000021b74d733b0 GCTaskThread "GC Thread#3" [stack: 0x0000008784700000,0x0000008784800000] [id=5892]
  0x0000021b68ae45c0 ConcurrentGCThread "G1 Main Marker" [stack: 0x0000008783400000,0x0000008783500000] [id=33956]
  0x0000021b68ae4fd0 ConcurrentGCThread "G1 Conc#0" [stack: 0x0000008783500000,0x0000008783600000] [id=40520]
  0x0000021b68b215b0 ConcurrentGCThread "G1 Refine#0" [stack: 0x0000008783600000,0x0000008783700000] [id=30828]
  0x0000021b74c821f0 ConcurrentGCThread "G1 Refine#1" [stack: 0x0000008784800000,0x0000008784900000] [id=41996]
  0x0000021b74c824d0 ConcurrentGCThread "G1 Refine#2" [stack: 0x0000008784900000,0x0000008784a00000] [id=37716]
  0x0000021b68b22770 ConcurrentGCThread "G1 Service" [stack: 0x0000008783700000,0x0000008783800000] [id=13864]

Threads with active compile tasks:

VM state: at safepoint (normal execution)

VM Mutex/Monitor currently owned by a thread:  ([mutex/lock_event])
[0x0000021b6690b9c0] Threads_lock - owner thread: 0x0000021b738869b0
[0x0000021b6690bd20] Heap_lock - owner thread: 0x0000021b75d83870

Heap address: 0x00000000c2800000, size: 984 MB, Compressed Oops mode: 32-bit

CDS archive(s) not mapped
Compressed class space mapped at: 0x0000000100000000-0x0000000140000000, reserved size: 1073741824
Narrow klass base: 0x0000000000000000, Narrow klass shift: 3, Narrow klass range: 0x140000000

GC Precious Log:
 CPUs: 4 total, 4 available
 Memory: 3930M
 Large Page Support: Disabled
 NUMA Support: Disabled
 Compressed Oops: Enabled (32-bit)
 Heap Region Size: 1M
 Heap Min Capacity: 8M
 Heap Initial Capacity: 62M
 Heap Max Capacity: 984M
 Pre-touch: Disabled
 Parallel Workers: 4
 Concurrent Workers: 1
 Concurrent Refinement Workers: 4
 Periodic GC: Disabled

Heap:
 garbage-first heap   total 50176K, used 24319K [0x00000000c2800000, 0x0000000100000000)
  region size 1024K, 2 young (2048K), 2 survivors (2048K)
 Metaspace       used 48127K, committed 48640K, reserved 1097728K
  class space    used 6240K, committed 6464K, reserved 1048576K

Heap Regions: E=young(eden), S=young(survivor), O=old, HS=humongous(starts), HC=humongous(continues), CS=collection set, F=free, OA=open archive, CA=closed archive, TAMS=top-at-mark-start (previous, next)
|   0|0x00000000c2800000, 0x00000000c2900000, 0x00000000c2900000|100%|HS|  |TAMS 0x00000000c2900000, 0x00000000c2800000| Complete 
|   1|0x00000000c2900000, 0x00000000c2a00000, 0x00000000c2a00000|100%| O|  |TAMS 0x00000000c2a00000, 0x00000000c2900000| Untracked 
|   2|0x00000000c2a00000, 0x00000000c2b00000, 0x00000000c2b00000|100%| O|  |TAMS 0x00000000c2b00000, 0x00000000c2a00000| Untracked 
|   3|0x00000000c2b00000, 0x00000000c2c00000, 0x00000000c2c00000|100%| O|  |TAMS 0x00000000c2c00000, 0x00000000c2b00000| Untracked 
|   4|0x00000000c2c00000, 0x00000000c2d00000, 0x00000000c2d00000|100%| O|  |TAMS 0x00000000c2d00000, 0x00000000c2c00000| Untracked 
|   5|0x00000000c2d00000, 0x00000000c2e00000, 0x00000000c2e00000|100%| O|  |TAMS 0x00000000c2e00000, 0x00000000c2d00000| Untracked 
|   6|0x00000000c2e00000, 0x00000000c2f00000, 0x00000000c2f00000|100%| O|  |TAMS 0x00000000c2f00000, 0x00000000c2e00000| Untracked 
|   7|0x00000000c2f00000, 0x00000000c2fe6200, 0x00000000c3000000| 89%| O|  |TAMS 0x00000000c2fe6200, 0x00000000c2f00000| Untracked 
|   8|0x00000000c3000000, 0x00000000c3100000, 0x00000000c3100000|100%| O|  |TAMS 0x00000000c3100000, 0x00000000c3000000| Untracked 
|   9|0x00000000c3100000, 0x00000000c3200000, 0x00000000c3200000|100%| O|  |TAMS 0x00000000c3200000, 0x00000000c3100000| Untracked 
|  10|0x00000000c3200000, 0x00000000c3300000, 0x00000000c3300000|100%| O|  |TAMS 0x00000000c3300000, 0x00000000c3200000| Untracked 
|  11|0x00000000c3300000, 0x00000000c3400000, 0x00000000c3400000|100%| O|  |TAMS 0x00000000c3400000, 0x00000000c3300000| Untracked 
|  12|0x00000000c3400000, 0x00000000c3500000, 0x00000000c3500000|100%| O|  |TAMS 0x00000000c3500000, 0x00000000c3400000| Untracked 
|  13|0x00000000c3500000, 0x00000000c3600000, 0x00000000c3600000|100%| O|  |TAMS 0x00000000c3600000, 0x00000000c3500000| Untracked 
|  14|0x00000000c3600000, 0x00000000c3700000, 0x00000000c3700000|100%| O|  |TAMS 0x00000000c3700000, 0x00000000c3600000| Untracked 
|  15|0x00000000c3700000, 0x00000000c3800000, 0x00000000c3800000|100%| O|  |TAMS 0x00000000c3711608, 0x00000000c3700000| Untracked 
|  16|0x00000000c3800000, 0x00000000c3900000, 0x00000000c3900000|100%| O|  |TAMS 0x00000000c3800000, 0x00000000c3800000| Untracked 
|  17|0x00000000c3900000, 0x00000000c3a00000, 0x00000000c3a00000|100%| O|  |TAMS 0x00000000c3900000, 0x00000000c3900000| Untracked 
|  18|0x00000000c3a00000, 0x00000000c3b00000, 0x00000000c3b00000|100%| O|  |TAMS 0x00000000c3a00000, 0x00000000c3a00000| Untracked 
|  19|0x00000000c3b00000, 0x00000000c3c00000, 0x00000000c3c00000|100%| O|  |TAMS 0x00000000c3b00000, 0x00000000c3b00000| Untracked 
|  20|0x00000000c3c00000, 0x00000000c3d00000, 0x00000000c3d00000|100%| O|  |TAMS 0x00000000c3c00000, 0x00000000c3c00000| Untracked 
|  21|0x00000000c3d00000, 0x00000000c3e00000, 0x00000000c3e00000|100%| O|  |TAMS 0x00000000c3d00000, 0x00000000c3d00000| Untracked 
|  22|0x00000000c3e00000, 0x00000000c3e25200, 0x00000000c3f00000| 14%| O|  |TAMS 0x00000000c3e00000, 0x00000000c3e00000| Untracked 
|  23|0x00000000c3f00000, 0x00000000c3f00000, 0x00000000c4000000|  0%| F|  |TAMS 0x00000000c3f00000, 0x00000000c3f00000| Untracked 
|  24|0x00000000c4000000, 0x00000000c4000000, 0x00000000c4100000|  0%| F|  |TAMS 0x00000000c4000000, 0x00000000c4000000| Untracked 
|  25|0x00000000c4100000, 0x00000000c4100000, 0x00000000c4200000|  0%| F|  |TAMS 0x00000000c4100000, 0x00000000c4100000| Untracked 
|  26|0x00000000c4200000, 0x00000000c4200000, 0x00000000c4300000|  0%| F|  |TAMS 0x00000000c4200000, 0x00000000c4200000| Untracked 
|  27|0x00000000c4300000, 0x00000000c4300000, 0x00000000c4400000|  0%| F|  |TAMS 0x00000000c4300000, 0x00000000c4300000| Untracked 
|  28|0x00000000c4400000, 0x00000000c44b4840, 0x00000000c4500000| 70%| S|CS|TAMS 0x00000000c4400000, 0x00000000c4400000| Complete 
|  29|0x00000000c4500000, 0x00000000c4600000, 0x00000000c4600000|100%| S|CS|TAMS 0x00000000c4500000, 0x00000000c4500000| Complete 
|  30|0x00000000c4600000, 0x00000000c4600000, 0x00000000c4700000|  0%| F|  |TAMS 0x00000000c4600000, 0x00000000c4600000| Untracked 
|  31|0x00000000c4700000, 0x00000000c4700000, 0x00000000c4800000|  0%| F|  |TAMS 0x00000000c4700000, 0x00000000c4700000| Untracked 
|  32|0x00000000c4800000, 0x00000000c4800000, 0x00000000c4900000|  0%| F|  |TAMS 0x00000000c4800000, 0x00000000c4800000| Untracked 
|  33|0x00000000c4900000, 0x00000000c4900000, 0x00000000c4a00000|  0%| F|  |TAMS 0x00000000c4900000, 0x00000000c4900000| Untracked 
|  34|0x00000000c4a00000, 0x00000000c4a00000, 0x00000000c4b00000|  0%| F|  |TAMS 0x00000000c4a00000, 0x00000000c4a00000| Untracked 
|  35|0x00000000c4b00000, 0x00000000c4b00000, 0x00000000c4c00000|  0%| F|  |TAMS 0x00000000c4b00000, 0x00000000c4b00000| Untracked 
|  36|0x00000000c4c00000, 0x00000000c4c00000, 0x00000000c4d00000|  0%| F|  |TAMS 0x00000000c4c00000, 0x00000000c4c00000| Untracked 
|  37|0x00000000c4d00000, 0x00000000c4d00000, 0x00000000c4e00000|  0%| F|  |TAMS 0x00000000c4d00000, 0x00000000c4d00000| Untracked 
|  38|0x00000000c4e00000, 0x00000000c4e00000, 0x00000000c4f00000|  0%| F|  |TAMS 0x00000000c4e00000, 0x00000000c4e00000| Untracked 
|  39|0x00000000c4f00000, 0x00000000c4f00000, 0x00000000c5000000|  0%| F|  |TAMS 0x00000000c4f00000, 0x00000000c4f00000| Untracked 
|  40|0x00000000c5000000, 0x00000000c5000000, 0x00000000c5100000|  0%| F|  |TAMS 0x00000000c5000000, 0x00000000c5000000| Untracked 
|  41|0x00000000c5100000, 0x00000000c5100000, 0x00000000c5200000|  0%| F|  |TAMS 0x00000000c5100000, 0x00000000c5100000| Untracked 
|  42|0x00000000c5200000, 0x00000000c5200000, 0x00000000c5300000|  0%| F|  |TAMS 0x00000000c5200000, 0x00000000c5200000| Untracked 
|  43|0x00000000c5300000, 0x00000000c5300000, 0x00000000c5400000|  0%| F|  |TAMS 0x00000000c5300000, 0x00000000c5300000| Untracked 
|  44|0x00000000c5400000, 0x00000000c5400000, 0x00000000c5500000|  0%| F|  |TAMS 0x00000000c5400000, 0x00000000c5400000| Untracked 
|  45|0x00000000c5500000, 0x00000000c5500000, 0x00000000c5600000|  0%| F|  |TAMS 0x00000000c5500000, 0x00000000c5500000| Untracked 
|  46|0x00000000c5600000, 0x00000000c5600000, 0x00000000c5700000|  0%| F|  |TAMS 0x00000000c5600000, 0x00000000c5600000| Untracked 
|  47|0x00000000c5700000, 0x00000000c5700000, 0x00000000c5800000|  0%| F|  |TAMS 0x00000000c5700000, 0x00000000c5700000| Untracked 
|  61|0x00000000c6500000, 0x00000000c6500000, 0x00000000c6600000|  0%| F|  |TAMS 0x00000000c6500000, 0x00000000c6500000| Untracked 

Card table byte_map: [0x0000021b6f140000,0x0000021b6f330000] _byte_map_base: 0x0000021b6eb2c000

Marking Bits (Prev, Next): (CMBitMap*) 0x0000021b68adc190, (CMBitMap*) 0x0000021b68adc1d0
 Prev Bits: [0x0000021b6f520000, 0x0000021b70480000)
 Next Bits: [0x0000021b70480000, 0x0000021b713e0000)

Polling page: 0x0000021b66a30000

Metaspace:

Usage:
  Non-class:     40.90 MB used.
      Class:      6.09 MB used.
       Both:     47.00 MB used.

Virtual space:
  Non-class space:       48.00 MB reserved,      41.19 MB ( 86%) committed,  6 nodes.
      Class space:        1.00 GB reserved,       6.31 MB ( <1%) committed,  1 nodes.
             Both:        1.05 GB reserved,      47.50 MB (  4%) committed. 

Chunk freelists:
   Non-Class:  1.92 MB
       Class:  1.53 MB
        Both:  3.45 MB

MaxMetaspaceSize: unlimited
CompressedClassSpaceSize: 1.00 GB
Initial GC threshold: 21.00 MB
Current GC threshold: 58.88 MB
CDS: off
MetaspaceReclaimPolicy: balanced
 - commit_granule_bytes: 65536.
 - commit_granule_words: 8192.
 - virtual_space_node_default_size: 1048576.
 - enlarge_chunks_in_place: 1.
 - new_chunks_are_fully_committed: 0.
 - uncommit_free_chunks: 1.
 - use_allocation_guard: 0.
 - handle_deallocations: 1.


Internal statistics:

num_allocs_failed_limit: 6.
num_arena_births: 636.
num_arena_deaths: 0.
num_vsnodes_births: 7.
num_vsnodes_deaths: 0.
num_space_committed: 760.
num_space_uncommitted: 0.
num_chunks_returned_to_freelist: 6.
num_chunks_taken_from_freelist: 2032.
num_chunk_merges: 6.
num_chunk_splits: 1411.
num_chunks_enlarged: 1031.
num_purges: 0.
num_inconsistent_stats: 0.

CodeCache: size=49152Kb used=7837Kb max_used=7837Kb free=41314Kb
 bounds [0x0000021b6c140000, 0x0000021b6c8f0000, 0x0000021b6f140000]
 total_blobs=4809 nmethods=4261 adapters=473
 compilation: enabled
              stopped_count=0, restarted_count=0
 full_count=0

Compilation events (20 events):
Event: 9.837 Thread 0x0000021b74414930 4252   !   1       java.util.ServiceLoader$ModuleServicesLookupIterator::hasNext (102 bytes)
Event: 9.838 Thread 0x0000021b74414930 nmethod 4252 0x0000021b6c8e3f90 code [0x0000021b6c8e41a0, 0x0000021b6c8e4718]
Event: 9.838 Thread 0x0000021b74414930 4253       1       java.util.stream.ReferencePipeline::iterator (8 bytes)
Event: 9.838 Thread 0x0000021b74414930 nmethod 4253 0x0000021b6c8e4a10 code [0x0000021b6c8e4bc0, 0x0000021b6c8e4dd8]
Event: 9.838 Thread 0x0000021b74414930 4254       1       java.util.Spliterators::iterator (14 bytes)
Event: 9.839 Thread 0x0000021b74414930 nmethod 4254 0x0000021b6c8e4f10 code [0x0000021b6c8e50c0, 0x0000021b6c8e52a8]
Event: 9.839 Thread 0x0000021b74414930 4255       1       java.util.Spliterators$1Adapter::<init> (15 bytes)
Event: 9.839 Thread 0x0000021b74414930 nmethod 4255 0x0000021b6c8e5390 code [0x0000021b6c8e5520, 0x0000021b6c8e5638]
Event: 9.861 Thread 0x0000021b74414930 4256       1       org.apache.logging.log4j.core.config.LoggerConfig::getLevel (35 bytes)
Event: 9.861 Thread 0x0000021b74414930 nmethod 4256 0x0000021b6c8e5690 code [0x0000021b6c8e5820, 0x0000021b6c8e5968]
Event: 9.870 Thread 0x0000021b74414930 4257       1       java.lang.Class::methodToString (78 bytes)
Event: 9.872 Thread 0x0000021b74414930 nmethod 4257 0x0000021b6c8e5a90 code [0x0000021b6c8e5d40, 0x0000021b6c8e6698]
Event: 9.872 Thread 0x0000021b74414930 4258       1       java.lang.NoSuchMethodException::<init> (6 bytes)
Event: 9.872 Thread 0x0000021b74414930 nmethod 4258 0x0000021b6c8e6b90 code [0x0000021b6c8e6d20, 0x0000021b6c8e6e08]
Event: 9.890 Thread 0x0000021b74414930 4259       1       java.lang.StackStreamFactory$StackFrameTraverser::characteristics (4 bytes)
Event: 9.891 Thread 0x0000021b74414930 nmethod 4259 0x0000021b6c8e6e90 code [0x0000021b6c8e7020, 0x0000021b6c8e70f8]
Event: 9.925 Thread 0x0000021b74414930 4260       1       java.lang.StackStreamFactory$FrameBuffer::startIndex (2 bytes)
Event: 9.925 Thread 0x0000021b74414930 nmethod 4260 0x0000021b6c8e7190 code [0x0000021b6c8e7320, 0x0000021b6c8e73f8]
Event: 9.925 Thread 0x0000021b74414930 4261       1       java.lang.StackStreamFactory$StackFrameTraverser$StackFrameBuffer::frames (5 bytes)
Event: 9.925 Thread 0x0000021b74414930 nmethod 4261 0x0000021b6c8e7490 code [0x0000021b6c8e7620, 0x0000021b6c8e76f8]

GC Heap History (20 events):
Event: 3.666 GC heap after
{Heap after GC invocations=4 (full 0):
 garbage-first heap   total 63488K, used 11040K [0x00000000c2800000, 0x0000000100000000)
  region size 1024K, 3 young (3072K), 3 survivors (3072K)
 Metaspace       used 21275K, committed 21504K, reserved 1073152K
  class space    used 2503K, committed 2624K, reserved 1048576K
}
Event: 4.339 GC heap before
{Heap before GC invocations=5 (full 0):
 garbage-first heap   total 40960K, used 30496K [0x00000000c2800000, 0x0000000100000000)
  region size 1024K, 24 young (24576K), 3 survivors (3072K)
 Metaspace       used 26966K, committed 27328K, reserved 1073152K
  class space    used 3183K, committed 3328K, reserved 1048576K
}
Event: 4.347 GC heap after
{Heap after GC invocations=6 (full 0):
 garbage-first heap   total 40960K, used 12463K [0x00000000c2800000, 0x0000000100000000)
  region size 1024K, 4 young (4096K), 4 survivors (4096K)
 Metaspace       used 26966K, committed 27328K, reserved 1073152K
  class space    used 3183K, committed 3328K, reserved 1048576K
}
Event: 4.602 GC heap before
{Heap before GC invocations=6 (full 0):
 garbage-first heap   total 40960K, used 25775K [0x00000000c2800000, 0x0000000100000000)
  region size 1024K, 18 young (18432K), 4 survivors (4096K)
 Metaspace       used 30077K, committed 30400K, reserved 1081344K
  class space    used 3654K, committed 3776K, reserved 1048576K
}
Event: 4.609 GC heap after
{Heap after GC invocations=7 (full 0):
 garbage-first heap   total 40960K, used 13066K [0x00000000c2800000, 0x0000000100000000)
  region size 1024K, 3 young (3072K), 3 survivors (3072K)
 Metaspace       used 30077K, committed 30400K, reserved 1081344K
  class space    used 3654K, committed 3776K, reserved 1048576K
}
Event: 5.245 GC heap before
{Heap before GC invocations=7 (full 0):
 garbage-first heap   total 40960K, used 27402K [0x00000000c2800000, 0x0000000100000000)
  region size 1024K, 18 young (18432K), 3 survivors (3072K)
 Metaspace       used 32427K, committed 32768K, reserved 1081344K
  class space    used 3928K, committed 4096K, reserved 1048576K
}
Event: 5.254 GC heap after
{Heap after GC invocations=8 (full 0):
 garbage-first heap   total 49152K, used 15483K [0x00000000c2800000, 0x0000000100000000)
  region size 1024K, 3 young (3072K), 3 survivors (3072K)
 Metaspace       used 32427K, committed 32768K, reserved 1081344K
  class space    used 3928K, committed 4096K, reserved 1048576K
}
Event: 5.991 GC heap before
{Heap before GC invocations=8 (full 0):
 garbage-first heap   total 49152K, used 33915K [0x00000000c2800000, 0x0000000100000000)
  region size 1024K, 22 young (22528K), 3 survivors (3072K)
 Metaspace       used 33965K, committed 34304K, reserved 1081344K
  class space    used 4148K, committed 4288K, reserved 1048576K
}
Event: 5.999 GC heap after
{Heap after GC invocations=9 (full 0):
 garbage-first heap   total 49152K, used 17221K [0x00000000c2800000, 0x0000000100000000)
  region size 1024K, 2 young (2048K), 2 survivors (2048K)
 Metaspace       used 33965K, committed 34304K, reserved 1081344K
  class space    used 4148K, committed 4288K, reserved 1048576K
}
Event: 6.631 GC heap before
{Heap before GC invocations=9 (full 0):
 garbage-first heap   total 49152K, used 32581K [0x00000000c2800000, 0x0000000100000000)
  region size 1024K, 19 young (19456K), 2 survivors (2048K)
 Metaspace       used 35607K, committed 35968K, reserved 1081344K
  class space    used 4373K, committed 4544K, reserved 1048576K
}
Event: 6.636 GC heap after
{Heap after GC invocations=10 (full 0):
 garbage-first heap   total 49152K, used 18700K [0x00000000c2800000, 0x0000000100000000)
  region size 1024K, 2 young (2048K), 2 survivors (2048K)
 Metaspace       used 35607K, committed 35968K, reserved 1081344K
  class space    used 4373K, committed 4544K, reserved 1048576K
}
Event: 7.389 GC heap before
{Heap before GC invocations=11 (full 0):
 garbage-first heap   total 49152K, used 37132K [0x00000000c2800000, 0x0000000100000000)
  region size 1024K, 20 young (20480K), 2 survivors (2048K)
 Metaspace       used 37733K, committed 38208K, reserved 1089536K
  class space    used 4720K, committed 4928K, reserved 1048576K
}
Event: 7.394 GC heap after
{Heap after GC invocations=12 (full 0):
 garbage-first heap   total 49152K, used 19823K [0x00000000c2800000, 0x0000000100000000)
  region size 1024K, 3 young (3072K), 3 survivors (3072K)
 Metaspace       used 37733K, committed 38208K, reserved 1089536K
  class space    used 4720K, committed 4928K, reserved 1048576K
}
Event: 7.996 GC heap before
{Heap before GC invocations=12 (full 0):
 garbage-first heap   total 49152K, used 37231K [0x00000000c2800000, 0x0000000100000000)
  region size 1024K, 20 young (20480K), 3 survivors (3072K)
 Metaspace       used 40348K, committed 40768K, reserved 1089536K
  class space    used 5123K, committed 5312K, reserved 1048576K
}
Event: 8.003 GC heap after
{Heap after GC invocations=13 (full 0):
 garbage-first heap   total 49152K, used 21489K [0x00000000c2800000, 0x0000000100000000)
  region size 1024K, 3 young (3072K), 3 survivors (3072K)
 Metaspace       used 40348K, committed 40768K, reserved 1089536K
  class space    used 5123K, committed 5312K, reserved 1048576K
}
Event: 8.536 GC heap before
{Heap before GC invocations=13 (full 0):
 garbage-first heap   total 49152K, used 37873K [0x00000000c2800000, 0x0000000100000000)
  region size 1024K, 19 young (19456K), 3 survivors (3072K)
 Metaspace       used 42136K, committed 42560K, reserved 1089536K
  class space    used 5372K, committed 5568K, reserved 1048576K
}
Event: 8.545 GC heap after
{Heap after GC invocations=14 (full 0):
 garbage-first heap   total 49152K, used 22815K [0x00000000c2800000, 0x0000000100000000)
  region size 1024K, 2 young (2048K), 2 survivors (2048K)
 Metaspace       used 42136K, committed 42560K, reserved 1089536K
  class space    used 5372K, committed 5568K, reserved 1048576K
}
Event: 9.193 GC heap before
{Heap before GC invocations=14 (full 0):
 garbage-first heap   total 49152K, used 38175K [0x00000000c2800000, 0x0000000100000000)
  region size 1024K, 17 young (17408K), 2 survivors (2048K)
 Metaspace       used 43878K, committed 44416K, reserved 1089536K
  class space    used 5627K, committed 5888K, reserved 1048576K
}
Event: 9.200 GC heap after
{Heap after GC invocations=15 (full 0):
 garbage-first heap   total 49152K, used 23404K [0x00000000c2800000, 0x0000000100000000)
  region size 1024K, 2 young (2048K), 2 survivors (2048K)
 Metaspace       used 43878K, committed 44416K, reserved 1089536K
  class space    used 5627K, committed 5888K, reserved 1048576K
}
Event: 9.982 GC heap before
{Heap before GC invocations=15 (full 0):
 garbage-first heap   total 49152K, used 38764K [0x00000000c2800000, 0x0000000100000000)
  region size 1024K, 18 young (18432K), 2 survivors (2048K)
 Metaspace       used 48127K, committed 48640K, reserved 1097728K
  class space    used 6240K, committed 6464K, reserved 1048576K
}

Dll operation events (9 events):
Event: 0.060 Loaded shared library C:\Users\pavan\Downloads\spring-tool-suite-4-4.18.0.RELEASE-e4.27.0-win32.win32.x86_64.self-extracting\sts-4.18.0.RELEASE\plugins\org.eclipse.justj.openjdk.hotspot.jre.full.win32.x86_64_17.0.6.v20230204-1729\jre\bin\java.dll
Event: 0.508 Loaded shared library C:\Users\pavan\Downloads\spring-tool-suite-4-4.18.0.RELEASE-e4.27.0-win32.win32.x86_64.self-extracting\sts-4.18.0.RELEASE\plugins\org.eclipse.justj.openjdk.hotspot.jre.full.win32.x86_64_17.0.6.v20230204-1729\jre\bin\jimage.dll
Event: 0.551 Loaded shared library C:\Users\pavan\Downloads\spring-tool-suite-4-4.18.0.RELEASE-e4.27.0-win32.win32.x86_64.self-extracting\sts-4.18.0.RELEASE\plugins\org.eclipse.justj.openjdk.hotspot.jre.full.win32.x86_64_17.0.6.v20230204-1729\jre\bin\net.dll
Event: 0.561 Loaded shared library C:\Users\pavan\Downloads\spring-tool-suite-4-4.18.0.RELEASE-e4.27.0-win32.win32.x86_64.self-extracting\sts-4.18.0.RELEASE\plugins\org.eclipse.justj.openjdk.hotspot.jre.full.win32.x86_64_17.0.6.v20230204-1729\jre\bin\nio.dll
Event: 0.579 Loaded shared library C:\Users\pavan\Downloads\spring-tool-suite-4-4.18.0.RELEASE-e4.27.0-win32.win32.x86_64.self-extracting\sts-4.18.0.RELEASE\plugins\org.eclipse.justj.openjdk.hotspot.jre.full.win32.x86_64_17.0.6.v20230204-1729\jre\bin\zip.dll
Event: 0.816 Loaded shared library C:\Users\pavan\Downloads\spring-tool-suite-4-4.18.0.RELEASE-e4.27.0-win32.win32.x86_64.self-extracting\sts-4.18.0.RELEASE\plugins\org.eclipse.justj.openjdk.hotspot.jre.full.win32.x86_64_17.0.6.v20230204-1729\jre\bin\management.dll
Event: 0.874 Loaded shared library C:\Users\pavan\Downloads\spring-tool-suite-4-4.18.0.RELEASE-e4.27.0-win32.win32.x86_64.self-extracting\sts-4.18.0.RELEASE\plugins\org.eclipse.justj.openjdk.hotspot.jre.full.win32.x86_64_17.0.6.v20230204-1729\jre\bin\management_ext.dl
Event: 4.783 Loaded shared library C:\Users\pavan\Downloads\spring-tool-suite-4-4.18.0.RELEASE-e4.27.0-win32.win32.x86_64.self-extracting\sts-4.18.0.RELEASE\plugins\org.eclipse.justj.openjdk.hotspot.jre.full.win32.x86_64_17.0.6.v20230204-1729\jre\bin\sunmscapi.dll
Event: 9.897 Loaded shared library C:\Users\pavan\Downloads\spring-tool-suite-4-4.18.0.RELEASE-e4.27.0-win32.win32.x86_64.self-extracting\sts-4.18.0.RELEASE\plugins\org.eclipse.justj.openjdk.hotspot.jre.full.win32.x86_64_17.0.6.v20230204-1729\jre\bin\verify.dll

Deoptimization events (4 events):
Event: 4.023 Thread 0x0000021b75d83870 DEOPT PACKING pc=0x0000021b6c576b99 sp=0x00000087851fc700
Event: 4.023 Thread 0x0000021b75d83870 DEOPT UNPACKING pc=0x0000021b6c197143 sp=0x00000087851fbbe0 mode 3
Event: 4.801 Thread 0x0000021b75d83870 DEOPT PACKING pc=0x0000021b6c5f8cd5 sp=0x00000087851fcd60
Event: 4.801 Thread 0x0000021b75d83870 DEOPT UNPACKING pc=0x0000021b6c197143 sp=0x00000087851fc208 mode 3

Classes unloaded (0 events):
No events

Classes redefined (0 events):
No events

Internal exceptions (20 events):
Event: 8.047 Thread 0x0000021b75d83870 Exception <a 'java/lang/IncompatibleClassChangeError'{0x00000000c57e5448}: Found class java.lang.Object, but interface was expected> (0x00000000c57e5448) 
thrown [s\src\hotspot\share\interpreter\linkResolver.cpp, line 826]
Event: 8.048 Thread 0x0000021b75d83870 Exception <a 'java/lang/NoSuchMethodError'{0x00000000c57fdd30}: 'void java.lang.invoke.DirectMethodHandle$Holder.invokeStatic(java.lang.Object, int, java.lang.Object)'> (0x00000000c57fdd30) 
thrown [s\src\hotspot\share\interpreter\linkResolver.cpp, line 759]
Event: 8.055 Thread 0x0000021b75d83870 Exception <a 'java/lang/NoSuchMethodError'{0x00000000c56399c0}: 'void java.lang.invoke.DirectMethodHandle$Holder.invokeVirtual(java.lang.Object, java.lang.Object, int)'> (0x00000000c56399c0) 
thrown [s\src\hotspot\share\interpreter\linkResolver.cpp, line 759]
Event: 8.056 Thread 0x0000021b75d83870 Exception <a 'java/lang/NoSuchMethodError'{0x00000000c563fc08}: 'void java.lang.invoke.DirectMethodHandle$Holder.invokeStatic(java.lang.Object, java.lang.Object, java.lang.Object, int, java.lang.Object)'> (0x00000000c563fc08) 
thrown [s\src\hotspot\share\interpreter\linkResolver.cpp, line 759]
Event: 8.056 Thread 0x0000021b75d83870 Exception <a 'java/lang/NoSuchMethodError'{0x00000000c5647110}: 'java.lang.Object java.lang.invoke.DirectMethodHandle$Holder.newInvokeSpecial(java.lang.Object, java.lang.Object, java.lang.Object, int)'> (0x00000000c5647110) 
thrown [s\src\hotspot\share\interpreter\linkResolver.cpp, line 759]
Event: 8.057 Thread 0x0000021b75d83870 Exception <a 'java/lang/NoSuchMethodError'{0x00000000c564b418}: 'java.lang.Object java.lang.invoke.DirectMethodHandle$Holder.invokeSpecial(java.lang.Object, java.lang.Object, java.lang.Object, java.lang.Object, int)'> (0x00000000c564b418) 
thrown [s\src\hotspot\share\interpreter\linkResolver.cpp, line 759]
Event: 8.057 Thread 0x0000021b75d83870 Exception <a 'java/lang/NoSuchMethodError'{0x00000000c564efe0}: 'java.lang.Object java.lang.invoke.Invokers$Holder.linkToTargetMethod(java.lang.Object, java.lang.Object, int, java.lang.Object)'> (0x00000000c564efe0) 
thrown [s\src\hotspot\share\interpreter\linkResolver.cpp, line 759]
Event: 8.310 Thread 0x0000021b74dc8a50 Exception <a 'java/lang/reflect/InvocationTargetException'{0x00000000c4d96220}> (0x00000000c4d96220) 
thrown [s\src\hotspot\share\runtime\reflection.cpp, line 1121]
Event: 8.513 Thread 0x0000021b75d83870 Exception <a 'sun/nio/fs/WindowsException'{0x00000000c48b9758}> (0x00000000c48b9758) 
thrown [s\src\hotspot\share\prims\jni.cpp, line 516]
Event: 8.518 Thread 0x0000021b75d83870 Exception <a 'sun/nio/fs/WindowsException'{0x00000000c48bf150}> (0x00000000c48bf150) 
thrown [s\src\hotspot\share\prims\jni.cpp, line 516]
Event: 8.518 Thread 0x0000021b75d83870 Exception <a 'sun/nio/fs/WindowsException'{0x00000000c48bf828}> (0x00000000c48bf828) 
thrown [s\src\hotspot\share\prims\jni.cpp, line 516]
Event: 8.597 Thread 0x0000021b75d83870 Exception <a 'java/lang/NoSuchMethodError'{0x00000000c65d3b20}: 'java.lang.Object java.lang.invoke.DirectMethodHandle$Holder.invokeSpecial(java.lang.Object, java.lang.Object, long, java.lang.Object, java.lang.Object, java.lang.Object, java.lang.Object, java.lang.Object, java.lang.Object)'> (0x00000000c65d3b20) 
thrown [s\src\hotspot\share\interpreter\linkResolver.cpp, line 759]
Event: 8.602 Thread 0x0000021b75d83870 Exception <a 'java/lang/NoSuchMethodError'{0x00000000c65d8e60}: 'java.lang.Object java.lang.invoke.DelegatingMethodHandle$Holder.reinvoke_L(java.lang.Object, long, java.lang.Object, java.lang.Object, java.lang.Object, java.lang.Object, java.lang.Object, java.lang.Object)'> (0x00000000c65d8e60) 
thrown [s\src\hotspot\share\interpreter\linkResolver.cpp, line 759]
Event: 8.703 Thread 0x0000021b75d83870 Exception <a 'java/io/FileNotFoundException'{0x00000000c562cdc0}> (0x00000000c562cdc0) 
thrown [s\src\hotspot\share\prims\jni.cpp, line 516]
Event: 8.777 Thread 0x0000021b75d83870 Exception <a 'java/lang/NoSuchMethodError'{0x00000000c5318b38}: 'int java.lang.invoke.DirectMethodHandle$Holder.invokeInterface(java.lang.Object, java.lang.Object, java.lang.Object, java.lang.Object)'> (0x00000000c5318b38) 
thrown [s\src\hotspot\share\interpreter\linkResolver.cpp, line 759]
Event: 8.813 Thread 0x0000021b74dc8a50 Exception <a 'java/lang/reflect/InvocationTargetException'{0x00000000c53d8710}> (0x00000000c53d8710) 
thrown [s\src\hotspot\share\runtime\reflection.cpp, line 1121]
Event: 8.917 Thread 0x0000021b75d83870 Exception <a 'sun/nio/fs/WindowsException'{0x00000000c5160da0}> (0x00000000c5160da0) 
thrown [s\src\hotspot\share\prims\jni.cpp, line 516]
Event: 9.201 Thread 0x0000021b75d83870 Exception <a 'sun/nio/fs/WindowsException'{0x00000000c6500fe0}> (0x00000000c6500fe0) 
thrown [s\src\hotspot\share\prims\jni.cpp, line 516]
Event: 9.317 Thread 0x0000021b74dc8a50 Exception <a 'java/lang/reflect/InvocationTargetException'{0x00000000c5654058}> (0x00000000c5654058) 
thrown [s\src\hotspot\share\runtime\reflection.cpp, line 1121]
Event: 9.820 Thread 0x0000021b74dc8a50 Exception <a 'java/lang/reflect/InvocationTargetException'{0x00000000c4bebd68}> (0x00000000c4bebd68) 
thrown [s\src\hotspot\share\runtime\reflection.cpp, line 1121]

VM Operations (20 events):
Event: 8.003 Executing VM operation: G1CollectForAllocation done
Event: 8.180 Executing VM operation: HandshakeAllThreads
Event: 8.180 Executing VM operation: HandshakeAllThreads done
Event: 8.536 Executing VM operation: G1CollectForAllocation
Event: 8.545 Executing VM operation: G1CollectForAllocation done
Event: 8.654 Executing VM operation: HandshakeAllThreads
Event: 8.654 Executing VM operation: HandshakeAllThreads done
Event: 8.922 Executing VM operation: HandshakeAllThreads
Event: 8.922 Executing VM operation: HandshakeAllThreads done
Event: 8.932 Executing VM operation: HandshakeAllThreads
Event: 8.932 Executing VM operation: HandshakeAllThreads done
Event: 9.009 Executing VM operation: HandshakeAllThreads
Event: 9.009 Executing VM operation: HandshakeAllThreads done
Event: 9.036 Executing VM operation: HandshakeAllThreads
Event: 9.036 Executing VM operation: HandshakeAllThreads done
Event: 9.091 Executing VM operation: HandshakeAllThreads
Event: 9.092 Executing VM operation: HandshakeAllThreads done
Event: 9.192 Executing VM operation: G1CollectForAllocation
Event: 9.200 Executing VM operation: G1CollectForAllocation done
Event: 9.982 Executing VM operation: G1CollectForAllocation

Events (20 events):
Event: 9.867 loading class javax/xml/stream/events/Attribute
Event: 9.867 loading class javax/xml/stream/events/Attribute done
Event: 9.867 loading class javax/xml/stream/events/Namespace
Event: 9.867 loading class javax/xml/stream/events/Namespace done
Event: 9.867 loading class javax/xml/stream/events/StartElement
Event: 9.867 loading class javax/xml/stream/events/StartElement done
Event: 9.867 loading class javax/xml/stream/events/EndElement
Event: 9.867 loading class javax/xml/stream/events/EndElement done
Event: 9.867 loading class javax/xml/stream/events/Characters
Event: 9.867 loading class javax/xml/stream/events/Characters done
Event: 9.867 loading class javax/xml/stream/events/StartDocument
Event: 9.867 loading class javax/xml/stream/events/StartDocument done
Event: 9.867 loading class javax/xml/stream/events/EndDocument
Event: 9.867 loading class javax/xml/stream/events/EndDocument done
Event: 9.867 loading class javax/xml/stream/events/DTD
Event: 9.867 loading class javax/xml/stream/events/DTD done
Event: 9.918 loading class java/lang/Process
Event: 9.920 loading class java/lang/Process done
Event: 9.949 loading class java/lang/reflect/GenericSignatureFormatError
Event: 9.949 loading class java/lang/reflect/GenericSignatureFormatError done


Dynamic libraries:
0x00007ff606390000 - 0x00007ff60639e000 	C:\Users\pavan\Downloads\spring-tool-suite-4-4.18.0.RELEASE-e4.27.0-win32.win32.x86_64.self-extracting\sts-4.18.0.RELEASE\plugins\org.eclipse.justj.openjdk.hotspot.jre.full.win32.x86_64_17.0.6.v20230204-1729\jre\bin\javaw.exe
0x00007ffb3bd90000 - 0x00007ffb3bfa7000 	C:\WINDOWS\SYSTEM32\ntdll.dll
0x00007ffb3a150000 - 0x00007ffb3a214000 	C:\WINDOWS\System32\KERNEL32.DLL
0x00007ffb39390000 - 0x00007ffb39737000 	C:\WINDOWS\System32\KERNELBASE.dll
0x00007ffb398b0000 - 0x00007ffb399c1000 	C:\WINDOWS\System32\ucrtbase.dll
0x00007ffb337e0000 - 0x00007ffb337f7000 	C:\Users\pavan\Downloads\spring-tool-suite-4-4.18.0.RELEASE-e4.27.0-win32.win32.x86_64.self-extracting\sts-4.18.0.RELEASE\plugins\org.eclipse.justj.openjdk.hotspot.jre.full.win32.x86_64_17.0.6.v20230204-1729\jre\bin\jli.dll
0x00007ffb3b560000 - 0x00007ffb3b70e000 	C:\WINDOWS\System32\USER32.dll
0x00007ffb39740000 - 0x00007ffb39766000 	C:\WINDOWS\System32\win32u.dll
0x00007ffb2a330000 - 0x00007ffb2a349000 	C:\Users\pavan\Downloads\spring-tool-suite-4-4.18.0.RELEASE-e4.27.0-win32.win32.x86_64.self-extracting\sts-4.18.0.RELEASE\plugins\org.eclipse.justj.openjdk.hotspot.jre.full.win32.x86_64_17.0.6.v20230204-1729\jre\bin\VCRUNTIME140.dll
0x00007ffb3a5e0000 - 0x00007ffb3a609000 	C:\WINDOWS\System32\GDI32.dll
0x00007ffb399d0000 - 0x00007ffb39ae9000 	C:\WINDOWS\System32\gdi32full.dll
0x00007ffb39180000 - 0x00007ffb3921a000 	C:\WINDOWS\System32\msvcp_win.dll
0x00007ffb1d220000 - 0x00007ffb1d4b3000 	C:\WINDOWS\WinSxS\amd64_microsoft.windows.common-controls_6595b64144ccf1df_6.0.22621.2506_none_270c5ae97388e100\COMCTL32.dll
0x00007ffb3b4b0000 - 0x00007ffb3b557000 	C:\WINDOWS\System32\msvcrt.dll
0x00007ffb39f70000 - 0x00007ffb39fa1000 	C:\WINDOWS\System32\IMM32.DLL
0x00007ffb24920000 - 0x00007ffb2492c000 	C:\Users\pavan\Downloads\spring-tool-suite-4-4.18.0.RELEASE-e4.27.0-win32.win32.x86_64.self-extracting\sts-4.18.0.RELEASE\plugins\org.eclipse.justj.openjdk.hotspot.jre.full.win32.x86_64_17.0.6.v20230204-1729\jre\bin\vcruntime140_1.dll
0x00007ffaf0b10000 - 0x00007ffaf0ba1000 	C:\Users\pavan\Downloads\spring-tool-suite-4-4.18.0.RELEASE-e4.27.0-win32.win32.x86_64.self-extracting\sts-4.18.0.RELEASE\plugins\org.eclipse.justj.openjdk.hotspot.jre.full.win32.x86_64_17.0.6.v20230204-1729\jre\bin\msvcp140.dll
0x00007ffae5570000 - 0x00007ffae61b7000 	C:\Users\pavan\Downloads\spring-tool-suite-4-4.18.0.RELEASE-e4.27.0-win32.win32.x86_64.self-extracting\sts-4.18.0.RELEASE\plugins\org.eclipse.justj.openjdk.hotspot.jre.full.win32.x86_64_17.0.6.v20230204-1729\jre\bin\server\jvm.dll
0x00007ffb3a220000 - 0x00007ffb3a2d0000 	C:\WINDOWS\System32\ADVAPI32.dll
0x00007ffb3a340000 - 0x00007ffb3a3e6000 	C:\WINDOWS\System32\sechost.dll
0x00007ffb3a030000 - 0x00007ffb3a147000 	C:\WINDOWS\System32\RPCRT4.dll
0x00007ffb1edf0000 - 0x00007ffb1edf9000 	C:\WINDOWS\SYSTEM32\WSOCK32.dll
0x00007ffb3a790000 - 0x00007ffb3a801000 	C:\WINDOWS\System32\WS2_32.dll
0x00007ffb32b00000 - 0x00007ffb32b34000 	C:\WINDOWS\SYSTEM32\WINMM.dll
0x00007ffb2ae10000 - 0x00007ffb2ae1a000 	C:\WINDOWS\SYSTEM32\VERSION.dll
0x00007ffb380b0000 - 0x00007ffb380c8000 	C:\WINDOWS\SYSTEM32\kernel.appcore.dll
0x00007ffb33880000 - 0x00007ffb3388a000 	C:\Users\pavan\Downloads\spring-tool-suite-4-4.18.0.RELEASE-e4.27.0-win32.win32.x86_64.self-extracting\sts-4.18.0.RELEASE\plugins\org.eclipse.justj.openjdk.hotspot.jre.full.win32.x86_64_17.0.6.v20230204-1729\jre\bin\jimage.dll
0x00007ffb30930000 - 0x00007ffb30b63000 	C:\WINDOWS\SYSTEM32\DBGHELP.DLL
0x00007ffb3b710000 - 0x00007ffb3ba99000 	C:\WINDOWS\System32\combase.dll
0x00007ffb3b3c0000 - 0x00007ffb3b497000 	C:\WINDOWS\System32\OLEAUT32.dll
0x00007ffb2e930000 - 0x00007ffb2e962000 	C:\WINDOWS\SYSTEM32\dbgcore.DLL
0x00007ffb39830000 - 0x00007ffb398aa000 	C:\WINDOWS\System32\bcryptPrimitives.dll
0x00007ffb28780000 - 0x00007ffb287a5000 	C:\Users\pavan\Downloads\spring-tool-suite-4-4.18.0.RELEASE-e4.27.0-win32.win32.x86_64.self-extracting\sts-4.18.0.RELEASE\plugins\org.eclipse.justj.openjdk.hotspot.jre.full.win32.x86_64_17.0.6.v20230204-1729\jre\bin\java.dll
0x00007ffb33680000 - 0x00007ffb33698000 	C:\Users\pavan\Downloads\spring-tool-suite-4-4.18.0.RELEASE-e4.27.0-win32.win32.x86_64.self-extracting\sts-4.18.0.RELEASE\plugins\org.eclipse.justj.openjdk.hotspot.jre.full.win32.x86_64_17.0.6.v20230204-1729\jre\bin\zip.dll
0x00007ffb3a880000 - 0x00007ffb3b0d9000 	C:\WINDOWS\System32\SHELL32.dll
0x00007ffb37030000 - 0x00007ffb37924000 	C:\WINDOWS\SYSTEM32\windows.storage.dll
0x00007ffb36ef0000 - 0x00007ffb3702e000 	C:\WINDOWS\SYSTEM32\wintypes.dll
0x00007ffb3bc50000 - 0x00007ffb3bd43000 	C:\WINDOWS\System32\SHCORE.dll
0x00007ffb3bbf0000 - 0x00007ffb3bc4e000 	C:\WINDOWS\System32\shlwapi.dll
0x00007ffb39040000 - 0x00007ffb39066000 	C:\WINDOWS\SYSTEM32\profapi.dll
0x00007ffb305c0000 - 0x00007ffb305d9000 	C:\Users\pavan\Downloads\spring-tool-suite-4-4.18.0.RELEASE-e4.27.0-win32.win32.x86_64.self-extracting\sts-4.18.0.RELEASE\plugins\org.eclipse.justj.openjdk.hotspot.jre.full.win32.x86_64_17.0.6.v20230204-1729\jre\bin\net.dll
0x00007ffb31c80000 - 0x00007ffb31db7000 	C:\WINDOWS\SYSTEM32\WINHTTP.dll
0x00007ffb38590000 - 0x00007ffb385f9000 	C:\WINDOWS\system32\mswsock.dll
0x00007ffb26760000 - 0x00007ffb26775000 	C:\Users\pavan\Downloads\spring-tool-suite-4-4.18.0.RELEASE-e4.27.0-win32.win32.x86_64.self-extracting\sts-4.18.0.RELEASE\plugins\org.eclipse.justj.openjdk.hotspot.jre.full.win32.x86_64_17.0.6.v20230204-1729\jre\bin\nio.dll
0x00007ffb338b0000 - 0x00007ffb338b9000 	C:\Users\pavan\Downloads\spring-tool-suite-4-4.18.0.RELEASE-e4.27.0-win32.win32.x86_64.self-extracting\sts-4.18.0.RELEASE\plugins\org.eclipse.justj.openjdk.hotspot.jre.full.win32.x86_64_17.0.6.v20230204-1729\jre\bin\management.dll
0x00007ffb33800000 - 0x00007ffb3380b000 	C:\Users\pavan\Downloads\spring-tool-suite-4-4.18.0.RELEASE-e4.27.0-win32.win32.x86_64.self-extracting\sts-4.18.0.RELEASE\plugins\org.eclipse.justj.openjdk.hotspot.jre.full.win32.x86_64_17.0.6.v20230204-1729\jre\bin\management_ext.dll
0x00007ffb3a810000 - 0x00007ffb3a818000 	C:\WINDOWS\System32\PSAPI.DLL
0x00007ffb12090000 - 0x00007ffb120a7000 	C:\WINDOWS\system32\napinsp.dll
0x00007ffb11860000 - 0x00007ffb1187b000 	C:\WINDOWS\system32\pnrpnsp.dll
0x00007ffb37c00000 - 0x00007ffb37cf9000 	C:\WINDOWS\SYSTEM32\DNSAPI.dll
0x00007ffb37b90000 - 0x00007ffb37bbd000 	C:\WINDOWS\SYSTEM32\IPHLPAPI.DLL
0x00007ffb3a6d0000 - 0x00007ffb3a6d9000 	C:\WINDOWS\System32\NSI.dll
0x00007ffb0f340000 - 0x00007ffb0f351000 	C:\WINDOWS\System32\winrnr.dll
0x00007ffb0f320000 - 0x00007ffb0f335000 	C:\WINDOWS\system32\wshbth.dll
0x00007ffb0f2f0000 - 0x00007ffb0f311000 	C:\WINDOWS\system32\nlansp_c.dll
0x00007ffb28820000 - 0x00007ffb2882a000 	C:\Windows\System32\rasadhlp.dll
0x00007ffb2b070000 - 0x00007ffb2b0f3000 	C:\WINDOWS\System32\fwpuclnt.dll
0x00007ffb387f0000 - 0x00007ffb3880b000 	C:\WINDOWS\SYSTEM32\CRYPTSP.dll
0x00007ffb38070000 - 0x00007ffb380a5000 	C:\WINDOWS\system32\rsaenh.dll
0x00007ffb38680000 - 0x00007ffb386ac000 	C:\WINDOWS\SYSTEM32\USERENV.dll
0x00007ffb389b0000 - 0x00007ffb389d8000 	C:\WINDOWS\SYSTEM32\bcrypt.dll
0x00007ffb387e0000 - 0x00007ffb387ec000 	C:\WINDOWS\SYSTEM32\CRYPTBASE.dll
0x00007ffb31f40000 - 0x00007ffb31f59000 	C:\WINDOWS\SYSTEM32\dhcpcsvc6.DLL
0x00007ffb31be0000 - 0x00007ffb31bff000 	C:\WINDOWS\SYSTEM32\dhcpcsvc.DLL
0x00007ffb33990000 - 0x00007ffb3399e000 	C:\Users\pavan\Downloads\spring-tool-suite-4-4.18.0.RELEASE-e4.27.0-win32.win32.x86_64.self-extracting\sts-4.18.0.RELEASE\plugins\org.eclipse.justj.openjdk.hotspot.jre.full.win32.x86_64_17.0.6.v20230204-1729\jre\bin\sunmscapi.dll
0x00007ffb39220000 - 0x00007ffb39386000 	C:\WINDOWS\System32\CRYPT32.dll
0x00007ffb38980000 - 0x00007ffb389ad000 	C:\WINDOWS\SYSTEM32\ncrypt.dll
0x00007ffb38940000 - 0x00007ffb38977000 	C:\WINDOWS\SYSTEM32\NTASN1.dll
0x00007ffb35c80000 - 0x00007ffb35c90000 	C:\Users\pavan\Downloads\spring-tool-suite-4-4.18.0.RELEASE-e4.27.0-win32.win32.x86_64.self-extracting\sts-4.18.0.RELEASE\plugins\org.eclipse.justj.openjdk.hotspot.jre.full.win32.x86_64_17.0.6.v20230204-1729\jre\bin\verify.dll

dbghelp: loaded successfully - version: 4.0.5 - missing functions: none
symbol engine: initialized successfully - sym options: 0x614 - pdb path: .;C:\Users\pavan\Downloads\spring-tool-suite-4-4.18.0.RELEASE-e4.27.0-win32.win32.x86_64.self-extracting\sts-4.18.0.RELEASE\plugins\org.eclipse.justj.openjdk.hotspot.jre.full.win32.x86_64_17.0.6.v20230204-1729\jre\bin;C:\WINDOWS\SYSTEM32;C:\WINDOWS\WinSxS\amd64_microsoft.windows.common-controls_6595b64144ccf1df_6.0.22621.2506_none_270c5ae97388e100;C:\Users\pavan\Downloads\spring-tool-suite-4-4.18.0.RELEASE-e4.27.0-win32.win32.x86_64.self-extracting\sts-4.18.0.RELEASE\plugins\org.eclipse.justj.openjdk.hotspot.jre.full.win32.x86_64_17.0.6.v20230204-1729\jre\bin\server

VM Arguments:
jvm_args: -Dcom.sun.management.jmxremote -Dcom.sun.management.jmxremote.port=61705 -Dcom.sun.management.jmxremote.authenticate=false -Dcom.sun.management.jmxremote.ssl=false -Djava.rmi.server.hostname=localhost -Dspring.jmx.enabled=true -Dmanagement.endpoints.jmx.exposure.include=* -Dspring.application.admin.enabled=true -XX:TieredStopAtLevel=1 -Dspring.boot.project.name=Security_App -Dfile.encoding=UTF-8 -XX:+ShowCodeDetailsInExceptionMessages 
java_command: com.Security_App.SecurityAppApplication --spring.output.ansi.enabled=always
java_class_path (initial): C:\Users\pavan\Downloads\Security_App\Security_App\target\classes;C:\Users\pavan\.m2\repository\org\springframework\boot\spring-boot-starter-data-jpa\3.2.0\spring-boot-starter-data-jpa-3.2.0.jar;C:\Users\pavan\.m2\repository\org\springframework\boot\spring-boot-starter-aop\3.2.0\spring-boot-starter-aop-3.2.0.jar;C:\Users\pavan\.m2\repository\org\aspectj\aspectjweaver\1.9.20.1\aspectjweaver-1.9.20.1.jar;C:\Users\pavan\.m2\repository\org\springframework\boot\spring-boot-starter-jdbc\3.2.0\spring-boot-starter-jdbc-3.2.0.jar;C:\Users\pavan\.m2\repository\com\zaxxer\HikariCP\5.0.1\HikariCP-5.0.1.jar;C:\Users\pavan\.m2\repository\org\springframework\spring-jdbc\6.1.1\spring-jdbc-6.1.1.jar;C:\Users\pavan\.m2\repository\org\hibernate\orm\hibernate-core\6.3.1.Final\hibernate-core-6.3.1.Final.jar;C:\Users\pavan\.m2\repository\jakarta\persistence\jakarta.persistence-api\3.1.0\jakarta.persistence-api-3.1.0.jar;C:\Users\pavan\.m2\repository\jakarta\transaction\jakarta.transaction-api\2.0.1\jakarta.transaction-api-2.0.1.jar;C:\Users\pavan\.m2\repository\org\jboss\logging\jboss-logging\3.5.3.Final\jboss-logging-3.5.3.Final.jar;C:\Users\pavan\.m2\repository\org\hibernate\common\hibernate-commons-annotations\6.0.6.Final\hibernate-commons-annotations-6.0.6.Final.jar;C:\Users\pavan\.m2\repository\io\smallrye\jandex\3.1.2\jandex-3.1.2.jar;C:\Users\pavan\.m2\repository\com\fasterxml\classmate\1.6.0\classmate-1.6.0.jar;C:\Users\pavan\.m2\repository\net\bytebuddy\byte-buddy\1.14.10\byte-buddy-1.14.10.jar;C:\Users\pavan\.m2\repository\org\glassfish\jaxb\jaxb-runtime\4.0.4\jaxb-runtime-4.0.4.jar;C:\Users\pavan\.m2\repository\org\glassfish\jaxb\jaxb-core\4.0.4\jaxb-core-4.0.4.jar;C:\Users\pavan\.m2\repository\org\eclipse\angus\angus-activation\2.0.1\angus-activation-2.0.1.jar;C:\Users\pavan\.m2\repository\org\glassfish\jaxb\txw2\4.0.4\txw2-4.0.4.jar;C:\Users\pavan\.m2\repository\com\sun\istack\istack-commons-runtime\4.1.2\istack-commons-runtime-4.1.2.jar;C:\Users
Launcher Type: SUN_STANDARD

[Global flags]
     intx CICompilerCount                          = 3                                         {product} {ergonomic}
     uint ConcGCThreads                            = 1                                         {product} {ergonomic}
     uint G1ConcRefinementThreads                  = 4                                         {product} {ergonomic}
   size_t G1HeapRegionSize                         = 1048576                                   {product} {ergonomic}
    uintx GCDrainStackTargetSize                   = 64                                        {product} {ergonomic}
   size_t InitialHeapSize                          = 65011712                                  {product} {ergonomic}
     bool ManagementServer                         = true                                      {product} {command line}
   size_t MarkStackSize                            = 4194304                                   {product} {ergonomic}
   size_t MaxHeapSize                              = 1031798784                                {product} {ergonomic}
   size_t MaxNewSize                               = 618659840                                 {product} {ergonomic}
   size_t MinHeapDeltaBytes                        = 1048576                                   {product} {ergonomic}
   size_t MinHeapSize                              = 8388608                                   {product} {ergonomic}
    uintx NonProfiledCodeHeapSize                  = 0                                      {pd product} {ergonomic}
     bool ProfileInterpreter                       = false                                  {pd product} {command line}
    uintx ProfiledCodeHeapSize                     = 0                                      {pd product} {ergonomic}
     bool ShowCodeDetailsInExceptionMessages       = true                                   {manageable} {command line}
   size_t SoftMaxHeapSize                          = 1031798784                             {manageable} {ergonomic}
     intx TieredStopAtLevel                        = 1                                         {product} {command line}
     bool UseCompressedClassPointers               = true                           {product lp64_product} {ergonomic}
     bool UseCompressedOops                        = true                           {product lp64_product} {ergonomic}
     bool UseG1GC                                  = true                                      {product} {ergonomic}
     bool UseLargePagesIndividualAllocation        = false                                  {pd product} {ergonomic}

Logging:
Log output configuration:
 #0: stdout all=warning uptime,level,tags
 #1: stderr all=off uptime,level,tags

Environment Variables:
JAVA_HOME=C:\Program Files\Java\jdk-19
PATH=C:/Users/pavan/Downloads/spring-tool-suite-4-4.18.0.RELEASE-e4.27.0-win32.win32.x86_64.self-extracting/sts-4.18.0.RELEASE//plugins/org.eclipse.justj.openjdk.hotspot.jre.full.win32.x86_64_17.0.6.v20230204-1729/jre/bin/server;C:/Users/pavan/Downloads/spring-tool-suite-4-4.18.0.RELEASE-e4.27.0-win32.win32.x86_64.self-extracting/sts-4.18.0.RELEASE//plugins/org.eclipse.justj.openjdk.hotspot.jre.full.win32.x86_64_17.0.6.v20230204-1729/jre/bin;C:\Program Files\Common Files\Oracle\Java\javapath;D:\oracle\product\10.2.0\db_1\bin;C:\oracle\product\10.2.0\db_1\bin;C:\oraclexe\app\oracle\product\11.2.0\server\bin;C:\Program Files (x86)\Common Files\Oracle\Java\javapath;C:\WINDOWS\system32;C:\WINDOWS;C:\WINDOWS\System32\Wbem;C:\WINDOWS\System32\WindowsPowerShell\v1.0\;C:\WINDOWS\System32\OpenSSH\;C:\Program Files (x86)\Windows Kits\8.1\Windows Performance Toolkit\;C:\Program Files\Microsoft SQL Server\110\Tools\Binn\;C:\Program Files\Microsoft SQL Server\Client SDK\ODBC\110\Tools\Binn\;C:\Program Files (x86)\Microsoft SQL Server\120\Tools\Binn\;C:\Program Files\Microsoft SQL Server\120\Tools\Binn\;C:\Program Files\Microsoft SQL Server\120\DTS\Binn\;C:\Program Files (x86)\Microsoft SQL Server\120\Tools\Binn\ManagementStudio\;C:\Program Files (x86)\Microsoft SQL Server\120\DTS\Binn\;C:\Users\pavan\Downloads\eclipse-jee-neon-3-win32-x86_64;C:\Program Files\Java\jre1.8.0_361\bin;C:\Program Files\Java\jdk-19\bin;C:\Program Files\Git\cmd;%NVM_HOME%;%NVM_SYMLINK%;C:\Program Files\nodejs\;C:\Users\pavan\AppData\Local\Programs\Python\Python311\Scripts\;C:\Users\pavan\AppData\Local\Programs\Python\Python311\;C:\Program Files\MySQL\MySQL Shell 8.0\bin\;C:\Users\pavan\AppData\Local\Microsoft\WindowsApps;C:\Users\pavan\AppData\Local\Programs\Microsoft VS Code\bin;C:\Program Files\Java\jdk-19;C:\Users\pavan\AppData\Roaming\nvm;C:\Program Files\nodejs;C:\MinGW\bin;C:\Users\pavan\AppData\Roaming\npm;C:\Users\pavan\AppData\Local\JetBrains\Toolbox\scripts;;C:\Users\pavan\Downloads\spring-tool-s
USERNAME=pavan
OS=Windows_NT
PROCESSOR_IDENTIFIER=Intel64 Family 6 Model 142 Stepping 12, GenuineIntel
TMP=C:\Users\pavan\AppData\Local\Temp
TEMP=C:\Users\pavan\AppData\Local\Temp



---------------  S Y S T E M  ---------------

OS:
 Windows 11 , 64 bit Build 22621 (10.0.22621.2506)
OS uptime: 24 days 17:49 hours

CPU: total 4 (initial active 4) (2 cores per cpu, 2 threads per core) family 6 model 142 stepping 12 microcode 0xec, cx8, cmov, fxsr, ht, mmx, 3dnowpref, sse, sse2, sse3, ssse3, sse4.1, sse4.2, popcnt, lzcnt, tsc, tscinvbit, avx, avx2, aes, erms, clmul, bmi1, bmi2, adx, fma, vzeroupper, clflush, clflushopt

Memory: 4k page, system-wide physical 3930M (71M free)
TotalPageFile size 16218M (AvailPageFile size 9M)
current process WorkingSet (physical memory assigned to process): 159M, peak: 159M
current process commit charge ("private bytes"): 185M, peak: 194M

vm_info: OpenJDK 64-Bit Server VM (17.0.6+10) for windows-amd64 JRE (17.0.6+10), built on Jan 18 2023 10:08:59 by "temurin" with MS VC++ 16.7 (VS2019)

END.
